<?xml version="1.0" encoding="UTF-8"?>
<robot generator="Robot 7.0 (Python 3.11.5 on win32)" generated="2024-03-08T08:47:36.292705" rpa="false" schemaversion="5">
<suite id="s1" name="Login Excel" source="C:\Users\user\PycharmProjects\pythonProject_WD_eve_jan2024\robot_framework\login_excel.robot">
<test id="s1-t1" name="Login in to nopcommerce page-ddt" line="9">
<kw name="Set Log Level" owner="BuiltIn">
<msg time="2024-03-08T08:47:54.787019" level="DEBUG">Log level changed from INFO to TRACE.</msg>
<msg time="2024-03-08T08:47:54.787019" level="TRACE">Return: 'INFO'</msg>
<arg>TRACE</arg>
<doc>Sets the log threshold to the specified level.</doc>
<status status="PASS" start="2024-03-08T08:47:54.786020" elapsed="0.000999"/>
</kw>
<kw name="Load Test Data Excel from py" owner="Resources">
<msg time="2024-03-08T08:47:54.788018" level="TRACE">Arguments: [ ${file}='./LoginData.xlsx' | ${sheet}='Sheet1' ]</msg>
<kw name="Load Data" owner="xl_utility">
<msg time="2024-03-08T08:47:54.789018" level="TRACE">Arguments: [ './LoginData.xlsx' | 'Sheet1' ]</msg>
<msg time="2024-03-08T08:47:55.027702" level="TRACE">Return: [('admin@yourstore.com', 'admin', 'Pass'),
 ('admin@yourstore.com', 'adm', 'Fail'),
 ('adm@yourstore.com', 'admin', 'Fail'),
 ('adm@yourstore.com', 'adm', 'Fail')]</msg>
<msg time="2024-03-08T08:47:55.028700" level="INFO">${data} = [('admin@yourstore.com', 'admin', 'Pass'), ('admin@yourstore.com', 'adm', 'Fail'), ('adm@yourstore.com', 'admin', 'Fail'), ('adm@yourstore.com', 'adm', 'Fail')]</msg>
<var>${data}</var>
<arg>${file}</arg>
<arg>${sheet}</arg>
<status status="PASS" start="2024-03-08T08:47:54.789018" elapsed="0.239682"/>
</kw>
<return>
<value>${data}</value>
<status status="PASS" start="2024-03-08T08:47:55.028700" elapsed="0.001001"/>
</return>
<msg time="2024-03-08T08:47:55.029701" level="TRACE">Return: [('admin@yourstore.com', 'admin', 'Pass'),
 ('admin@yourstore.com', 'adm', 'Fail'),
 ('adm@yourstore.com', 'admin', 'Fail'),
 ('adm@yourstore.com', 'adm', 'Fail')]</msg>
<msg time="2024-03-08T08:47:55.029701" level="INFO">${login_data_xl} = [('admin@yourstore.com', 'admin', 'Pass'), ('admin@yourstore.com', 'adm', 'Fail'), ('adm@yourstore.com', 'admin', 'Fail'), ('adm@yourstore.com', 'adm', 'Fail')]</msg>
<var>${login_data_xl}</var>
<arg>./LoginData.xlsx</arg>
<arg>Sheet1</arg>
<status status="PASS" start="2024-03-08T08:47:54.788018" elapsed="0.241683"/>
</kw>
<for flavor="IN">
<iter>
<kw name="Open Browser" owner="SeleniumLibrary">
<msg time="2024-03-08T08:47:55.031699" level="TRACE">Arguments: [ 'https://admin-demo.nopcommerce.com/' | 'Chrome' ]</msg>
<msg time="2024-03-08T08:47:55.031699" level="INFO">Opening browser 'Chrome' to base url 'https://admin-demo.nopcommerce.com/'.</msg>
<msg time="2024-03-08T08:47:55.032697" level="DEBUG">Selenium Manager binary found at: C:\Users\user\PycharmProjects\pythonProject_WD_eve_jan2024\venv\Lib\site-packages\selenium\webdriver\common\windows\selenium-manager.exe</msg>
<msg time="2024-03-08T08:47:55.032697" level="DEBUG">Executing process: C:\Users\user\PycharmProjects\pythonProject_WD_eve_jan2024\venv\Lib\site-packages\selenium\webdriver\common\windows\selenium-manager.exe --browser chrome --output json</msg>
<msg time="2024-03-08T08:48:10.172631" level="DEBUG">Driver path: E:\selenium\drivers\chromedriver.exe</msg>
<msg time="2024-03-08T08:48:10.172631" level="DEBUG">Browser path: C:\Program Files\Google\Chrome\Application\chrome.exe</msg>
<msg time="2024-03-08T08:48:10.172631" level="DEBUG">Using driver at: E:\selenium\drivers\chromedriver.exe</msg>
<msg time="2024-03-08T08:48:10.263770" level="DEBUG">Started executable: `E:\selenium\drivers\chromedriver.exe` in a child process with pid: 11012 using 0 to output -3</msg>
<msg time="2024-03-08T08:48:11.523129" level="DEBUG">POST http://localhost:64102/session {"capabilities": {"firstMatch": [{}], "alwaysMatch": {"browserName": "chrome", "pageLoadStrategy": "normal", "browserVersion": null, "goog:chromeOptions": {"extensions": [], "binary": "C:\\Program Files\\Google\\Chrome\\Application\\chrome.exe", "args": []}}}}</msg>
<msg time="2024-03-08T08:48:11.523129" level="DEBUG">Starting new HTTP connection (1): localhost:64102</msg>
<msg time="2024-03-08T08:48:34.012975" level="DEBUG">http://localhost:64102 "POST /session HTTP/1.1" 200 0</msg>
<msg time="2024-03-08T08:48:34.013975" level="DEBUG">Remote response: status=200 | data={"value":{"capabilities":{"acceptInsecureCerts":false,"browserName":"chrome","browserVersion":"122.0.6261.95","chrome":{"chromedriverVersion":"122.0.6261.69 (81bc525b6a36d91ed7fe98a4b53c6f53c79adbb2-refs/branch-heads/6261_57@{#3})","userDataDir":"C:\\Users\\user\\AppData\\Local\\Temp\\scoped_dir11012_181035202"},"fedcm:accounts":true,"goog:chromeOptions":{"debuggerAddress":"localhost:64117"},"networkConnectionEnabled":false,"pageLoadStrategy":"normal","platformName":"windows","proxy":{},"setWindowRect":true,"strictFileInteractability":false,"timeouts":{"implicit":0,"pageLoad":300000,"script":30000},"unhandledPromptBehavior":"dismiss and notify","webauthn:extension:credBlob":true,"webauthn:extension:largeBlob":true,"webauthn:extension:minPinLength":true,"webauthn:extension:prf":true,"webauthn:virtualAuthenticators":true},"sessionId":"6185cf1bfab03769467f82e4d5f60a4b"}} | headers=HTTPHeaderDict({'Content-Length': '880', 'Content-Type': 'application/json; charset=utf-8', 'cache-control': 'no-cache'})</msg>
<msg time="2024-03-08T08:48:34.013975" level="DEBUG">Finished Request</msg>
<msg time="2024-03-08T08:48:34.013975" level="DEBUG">POST http://localhost:64102/session/6185cf1bfab03769467f82e4d5f60a4b/timeouts {"script": 5000}</msg>
<msg time="2024-03-08T08:48:34.245226" level="DEBUG">http://localhost:64102 "POST /session/6185cf1bfab03769467f82e4d5f60a4b/timeouts HTTP/1.1" 200 0</msg>
<msg time="2024-03-08T08:48:34.245226" level="DEBUG">Remote response: status=200 | data={"value":null} | headers=HTTPHeaderDict({'Content-Length': '14', 'Content-Type': 'application/json; charset=utf-8', 'cache-control': 'no-cache'})</msg>
<msg time="2024-03-08T08:48:34.245226" level="DEBUG">Finished Request</msg>
<msg time="2024-03-08T08:48:34.246230" level="DEBUG">POST http://localhost:64102/session/6185cf1bfab03769467f82e4d5f60a4b/timeouts {"implicit": 0}</msg>
<msg time="2024-03-08T08:48:34.247229" level="DEBUG">http://localhost:64102 "POST /session/6185cf1bfab03769467f82e4d5f60a4b/timeouts HTTP/1.1" 200 0</msg>
<msg time="2024-03-08T08:48:34.247229" level="DEBUG">Remote response: status=200 | data={"value":null} | headers=HTTPHeaderDict({'Content-Length': '14', 'Content-Type': 'application/json; charset=utf-8', 'cache-control': 'no-cache'})</msg>
<msg time="2024-03-08T08:48:34.247229" level="DEBUG">Finished Request</msg>
<msg time="2024-03-08T08:48:34.247229" level="DEBUG">POST http://localhost:64102/session/6185cf1bfab03769467f82e4d5f60a4b/timeouts {"pageLoad": 300000}</msg>
<msg time="2024-03-08T08:48:34.248228" level="DEBUG">http://localhost:64102 "POST /session/6185cf1bfab03769467f82e4d5f60a4b/timeouts HTTP/1.1" 200 0</msg>
<msg time="2024-03-08T08:48:34.248228" level="DEBUG">Remote response: status=200 | data={"value":null} | headers=HTTPHeaderDict({'Content-Length': '14', 'Content-Type': 'application/json; charset=utf-8', 'cache-control': 'no-cache'})</msg>
<msg time="2024-03-08T08:48:34.249226" level="DEBUG">Finished Request</msg>
<msg time="2024-03-08T08:48:34.249226" level="DEBUG">POST http://localhost:64102/session/6185cf1bfab03769467f82e4d5f60a4b/url {"url": "https://admin-demo.nopcommerce.com/"}</msg>
<msg time="2024-03-08T08:48:37.262570" level="DEBUG">http://localhost:64102 "POST /session/6185cf1bfab03769467f82e4d5f60a4b/url HTTP/1.1" 200 0</msg>
<msg time="2024-03-08T08:48:37.262570" level="DEBUG">Remote response: status=200 | data={"value":null} | headers=HTTPHeaderDict({'Content-Length': '14', 'Content-Type': 'application/json; charset=utf-8', 'cache-control': 'no-cache'})</msg>
<msg time="2024-03-08T08:48:37.263569" level="DEBUG">Finished Request</msg>
<msg time="2024-03-08T08:48:37.263569" level="DEBUG">Opened browser with session id 6185cf1bfab03769467f82e4d5f60a4b.</msg>
<msg time="2024-03-08T08:48:37.263569" level="TRACE">Return: 1</msg>
<arg>${url}</arg>
<arg>Chrome</arg>
<doc>Opens a new browser instance to the optional ``url``.</doc>
<status status="PASS" start="2024-03-08T08:47:55.030701" elapsed="42.232868"/>
</kw>
<kw name="Maximize Browser Window" owner="SeleniumLibrary">
<msg time="2024-03-08T08:48:37.264568" level="TRACE">Arguments: [  ]</msg>
<msg time="2024-03-08T08:48:37.264568" level="DEBUG">POST http://localhost:64102/session/6185cf1bfab03769467f82e4d5f60a4b/window/maximize {}</msg>
<msg time="2024-03-08T08:48:37.764095" level="DEBUG">http://localhost:64102 "POST /session/6185cf1bfab03769467f82e4d5f60a4b/window/maximize HTTP/1.1" 200 0</msg>
<msg time="2024-03-08T08:48:37.764095" level="DEBUG">Remote response: status=200 | data={"value":{"height":744,"width":1382,"x":-8,"y":-8}} | headers=HTTPHeaderDict({'Content-Length': '51', 'Content-Type': 'application/json; charset=utf-8', 'cache-control': 'no-cache'})</msg>
<msg time="2024-03-08T08:48:37.764095" level="DEBUG">Finished Request</msg>
<msg time="2024-03-08T08:48:37.765096" level="TRACE">Return: None</msg>
<doc>Maximizes current browser window.</doc>
<status status="PASS" start="2024-03-08T08:48:37.264568" elapsed="0.500528"/>
</kw>
<kw name="Login using username and password with return" owner="Resources">
<msg time="2024-03-08T08:48:37.768090" level="TRACE">Arguments: [ ${usr}='admin@yourstore.com' | ${pass}='admin' ]</msg>
<kw name="Input Text" owner="SeleniumLibrary">
<msg time="2024-03-08T08:48:37.770089" level="TRACE">Arguments: [ 'id:Email' | 'admin@yourstore.com' | clear=True ]</msg>
<msg time="2024-03-08T08:48:37.770089" level="INFO">Typing text 'admin@yourstore.com' into text field 'id:Email'.</msg>
<msg time="2024-03-08T08:48:37.770089" level="DEBUG">POST http://localhost:64102/session/6185cf1bfab03769467f82e4d5f60a4b/elements {"using": "css selector", "value": "[id=\"Email\"]"}</msg>
<msg time="2024-03-08T08:48:38.633129" level="DEBUG">http://localhost:64102 "POST /session/6185cf1bfab03769467f82e4d5f60a4b/elements HTTP/1.1" 200 0</msg>
<msg time="2024-03-08T08:48:38.633129" level="DEBUG">Remote response: status=200 | data={"value":[{"element-6066-11e4-a52e-4f735466cecf":"f.C8527450CDDDBCFA8D58FF5A7545CE8F.d.89D6AF7F3F278DF5A80AB516F39E159E.e.1"}]} | headers=HTTPHeaderDict({'Content-Length': '127', 'Content-Type': 'application/json; charset=utf-8', 'cache-control': 'no-cache'})</msg>
<msg time="2024-03-08T08:48:38.633129" level="DEBUG">Finished Request</msg>
<msg time="2024-03-08T08:48:38.633129" level="DEBUG">POST http://localhost:64102/session/6185cf1bfab03769467f82e4d5f60a4b/element/f.C8527450CDDDBCFA8D58FF5A7545CE8F.d.89D6AF7F3F278DF5A80AB516F39E159E.e.1/clear {}</msg>
<msg time="2024-03-08T08:48:39.121529" level="DEBUG">http://localhost:64102 "POST /session/6185cf1bfab03769467f82e4d5f60a4b/element/f.C8527450CDDDBCFA8D58FF5A7545CE8F.d.89D6AF7F3F278DF5A80AB516F39E159E.e.1/clear HTTP/1.1" 200 0</msg>
<msg time="2024-03-08T08:48:39.122526" level="DEBUG">Remote response: status=200 | data={"value":null} | headers=HTTPHeaderDict({'Content-Length': '14', 'Content-Type': 'application/json; charset=utf-8', 'cache-control': 'no-cache'})</msg>
<msg time="2024-03-08T08:48:39.122526" level="DEBUG">Finished Request</msg>
<msg time="2024-03-08T08:48:39.122526" level="DEBUG">POST http://localhost:64102/session/6185cf1bfab03769467f82e4d5f60a4b/element/f.C8527450CDDDBCFA8D58FF5A7545CE8F.d.89D6AF7F3F278DF5A80AB516F39E159E.e.1/value {"text": "admin@yourstore.com", "value": ["a", "d", "m", "i", "n", "@", "y", "o", "u", "r", "s", "t", "o", "r", "e", ".", "c", "o", "m"]}</msg>
<msg time="2024-03-08T08:48:39.409095" level="DEBUG">http://localhost:64102 "POST /session/6185cf1bfab03769467f82e4d5f60a4b/element/f.C8527450CDDDBCFA8D58FF5A7545CE8F.d.89D6AF7F3F278DF5A80AB516F39E159E.e.1/value HTTP/1.1" 200 0</msg>
<msg time="2024-03-08T08:48:39.409095" level="DEBUG">Remote response: status=200 | data={"value":null} | headers=HTTPHeaderDict({'Content-Length': '14', 'Content-Type': 'application/json; charset=utf-8', 'cache-control': 'no-cache'})</msg>
<msg time="2024-03-08T08:48:39.409095" level="DEBUG">Finished Request</msg>
<msg time="2024-03-08T08:48:39.409095" level="TRACE">Return: None</msg>
<arg>id:Email</arg>
<arg>${usr}</arg>
<arg>clear=True</arg>
<doc>Types the given ``text`` into the text field identified by ``locator``.</doc>
<status status="PASS" start="2024-03-08T08:48:37.769091" elapsed="1.640004"/>
</kw>
<kw name="Input Text" owner="SeleniumLibrary">
<msg time="2024-03-08T08:48:39.410096" level="TRACE">Arguments: [ 'id:Password' | 'admin' | clear=True ]</msg>
<msg time="2024-03-08T08:48:39.410096" level="INFO">Typing text 'admin' into text field 'id:Password'.</msg>
<msg time="2024-03-08T08:48:39.410096" level="DEBUG">POST http://localhost:64102/session/6185cf1bfab03769467f82e4d5f60a4b/elements {"using": "css selector", "value": "[id=\"Password\"]"}</msg>
<msg time="2024-03-08T08:48:39.426620" level="DEBUG">http://localhost:64102 "POST /session/6185cf1bfab03769467f82e4d5f60a4b/elements HTTP/1.1" 200 0</msg>
<msg time="2024-03-08T08:48:39.426620" level="DEBUG">Remote response: status=200 | data={"value":[{"element-6066-11e4-a52e-4f735466cecf":"f.C8527450CDDDBCFA8D58FF5A7545CE8F.d.89D6AF7F3F278DF5A80AB516F39E159E.e.3"}]} | headers=HTTPHeaderDict({'Content-Length': '127', 'Content-Type': 'application/json; charset=utf-8', 'cache-control': 'no-cache'})</msg>
<msg time="2024-03-08T08:48:39.426620" level="DEBUG">Finished Request</msg>
<msg time="2024-03-08T08:48:39.426620" level="DEBUG">POST http://localhost:64102/session/6185cf1bfab03769467f82e4d5f60a4b/element/f.C8527450CDDDBCFA8D58FF5A7545CE8F.d.89D6AF7F3F278DF5A80AB516F39E159E.e.3/clear {}</msg>
<msg time="2024-03-08T08:48:39.476402" level="DEBUG">http://localhost:64102 "POST /session/6185cf1bfab03769467f82e4d5f60a4b/element/f.C8527450CDDDBCFA8D58FF5A7545CE8F.d.89D6AF7F3F278DF5A80AB516F39E159E.e.3/clear HTTP/1.1" 200 0</msg>
<msg time="2024-03-08T08:48:39.476402" level="DEBUG">Remote response: status=200 | data={"value":null} | headers=HTTPHeaderDict({'Content-Length': '14', 'Content-Type': 'application/json; charset=utf-8', 'cache-control': 'no-cache'})</msg>
<msg time="2024-03-08T08:48:39.476402" level="DEBUG">Finished Request</msg>
<msg time="2024-03-08T08:48:39.476402" level="DEBUG">POST http://localhost:64102/session/6185cf1bfab03769467f82e4d5f60a4b/element/f.C8527450CDDDBCFA8D58FF5A7545CE8F.d.89D6AF7F3F278DF5A80AB516F39E159E.e.3/value {"text": "admin", "value": ["a", "d", "m", "i", "n"]}</msg>
<msg time="2024-03-08T08:48:39.540342" level="DEBUG">http://localhost:64102 "POST /session/6185cf1bfab03769467f82e4d5f60a4b/element/f.C8527450CDDDBCFA8D58FF5A7545CE8F.d.89D6AF7F3F278DF5A80AB516F39E159E.e.3/value HTTP/1.1" 200 0</msg>
<msg time="2024-03-08T08:48:39.540342" level="DEBUG">Remote response: status=200 | data={"value":null} | headers=HTTPHeaderDict({'Content-Length': '14', 'Content-Type': 'application/json; charset=utf-8', 'cache-control': 'no-cache'})</msg>
<msg time="2024-03-08T08:48:39.540342" level="DEBUG">Finished Request</msg>
<msg time="2024-03-08T08:48:39.540342" level="TRACE">Return: None</msg>
<arg>id:Password</arg>
<arg>${pass}</arg>
<arg>clear=True</arg>
<doc>Types the given ``text`` into the text field identified by ``locator``.</doc>
<status status="PASS" start="2024-03-08T08:48:39.410096" elapsed="0.130246"/>
</kw>
<kw name="Click Element" owner="SeleniumLibrary">
<msg time="2024-03-08T08:48:39.541341" level="TRACE">Arguments: [ "xpath: //button[contains(text(),'Log in')]" ]</msg>
<msg time="2024-03-08T08:48:39.541341" level="INFO">Clicking element 'xpath: //button[contains(text(),'Log in')]'.</msg>
<msg time="2024-03-08T08:48:39.541341" level="DEBUG">POST http://localhost:64102/session/6185cf1bfab03769467f82e4d5f60a4b/elements {"using": "xpath", "value": "//button[contains(text(),'Log in')]"}</msg>
<msg time="2024-03-08T08:48:39.558326" level="DEBUG">http://localhost:64102 "POST /session/6185cf1bfab03769467f82e4d5f60a4b/elements HTTP/1.1" 200 0</msg>
<msg time="2024-03-08T08:48:39.559324" level="DEBUG">Remote response: status=200 | data={"value":[{"element-6066-11e4-a52e-4f735466cecf":"f.C8527450CDDDBCFA8D58FF5A7545CE8F.d.89D6AF7F3F278DF5A80AB516F39E159E.e.7"}]} | headers=HTTPHeaderDict({'Content-Length': '127', 'Content-Type': 'application/json; charset=utf-8', 'cache-control': 'no-cache'})</msg>
<msg time="2024-03-08T08:48:39.559324" level="DEBUG">Finished Request</msg>
<msg time="2024-03-08T08:48:39.559324" level="DEBUG">POST http://localhost:64102/session/6185cf1bfab03769467f82e4d5f60a4b/element/f.C8527450CDDDBCFA8D58FF5A7545CE8F.d.89D6AF7F3F278DF5A80AB516F39E159E.e.7/click {}</msg>
<msg time="2024-03-08T08:48:42.537939" level="DEBUG">http://localhost:64102 "POST /session/6185cf1bfab03769467f82e4d5f60a4b/element/f.C8527450CDDDBCFA8D58FF5A7545CE8F.d.89D6AF7F3F278DF5A80AB516F39E159E.e.7/click HTTP/1.1" 200 0</msg>
<msg time="2024-03-08T08:48:42.538940" level="DEBUG">Remote response: status=200 | data={"value":null} | headers=HTTPHeaderDict({'Content-Length': '14', 'Content-Type': 'application/json; charset=utf-8', 'cache-control': 'no-cache'})</msg>
<msg time="2024-03-08T08:48:42.538940" level="DEBUG">Finished Request</msg>
<msg time="2024-03-08T08:48:42.538940" level="TRACE">Return: None</msg>
<arg>xpath: //button[contains(text(),'Log in')]</arg>
<doc>Click the element identified by ``locator``.</doc>
<status status="PASS" start="2024-03-08T08:48:39.541341" elapsed="2.997599"/>
</kw>
<return>
<value>True</value>
<status status="PASS" start="2024-03-08T08:48:42.538940" elapsed="0.000000"/>
</return>
<msg time="2024-03-08T08:48:42.538940" level="TRACE">Return: 'True'</msg>
<msg time="2024-03-08T08:48:42.538940" level="INFO">${status} = True</msg>
<var>${status}</var>
<arg>${data[0]}</arg>
<arg>${data[1]}</arg>
<status status="PASS" start="2024-03-08T08:48:37.766094" elapsed="4.773845"/>
</kw>
<kw name="Log" owner="BuiltIn">
<msg time="2024-03-08T08:48:42.539939" level="TRACE">Arguments: [ 'True' | console=True ]</msg>
<msg time="2024-03-08T08:48:42.539939" level="INFO">True</msg>
<msg time="2024-03-08T08:48:42.540937" level="TRACE">Return: None</msg>
<arg>${status}</arg>
<arg>console=True</arg>
<doc>Logs the given message with the given level.</doc>
<status status="PASS" start="2024-03-08T08:48:42.539939" elapsed="0.000998"/>
</kw>
<kw name="Run Keyword If" owner="BuiltIn">
<msg time="2024-03-08T08:48:42.542934" level="TRACE">Arguments: [ '"Pass"=="Pass"' | 'Title Should Be' | 'Dashboard / nopCommerce administration' | 'ELSE IF' | '"${data[2]}"=="Fail"' | 'Title Should Be' | 'Your store. Login' ]</msg>
<kw name="Title Should Be" owner="SeleniumLibrary">
<msg time="2024-03-08T08:48:42.544931" level="TRACE">Arguments: [ 'Dashboard / nopCommerce administration' ]</msg>
<msg time="2024-03-08T08:48:42.545932" level="DEBUG">GET http://localhost:64102/session/6185cf1bfab03769467f82e4d5f60a4b/title {}</msg>
<msg time="2024-03-08T08:48:44.792377" level="DEBUG">http://localhost:64102 "GET /session/6185cf1bfab03769467f82e4d5f60a4b/title HTTP/1.1" 200 0</msg>
<msg time="2024-03-08T08:48:44.792377" level="DEBUG">Remote response: status=200 | data={"value":"Dashboard / nopCommerce administration"} | headers=HTTPHeaderDict({'Content-Length': '50', 'Content-Type': 'application/json; charset=utf-8', 'cache-control': 'no-cache'})</msg>
<msg time="2024-03-08T08:48:44.792377" level="DEBUG">Finished Request</msg>
<msg time="2024-03-08T08:48:44.792377" level="INFO">Page title is 'Dashboard / nopCommerce administration'.</msg>
<msg time="2024-03-08T08:48:44.792377" level="TRACE">Return: None</msg>
<arg>Dashboard / nopCommerce administration</arg>
<doc>Verifies that the current page title equals ``title``.</doc>
<status status="PASS" start="2024-03-08T08:48:42.544931" elapsed="2.247446"/>
</kw>
<msg time="2024-03-08T08:48:44.792377" level="TRACE">Return: None</msg>
<arg>"${data[2]}"=="Pass"</arg>
<arg>Title Should Be</arg>
<arg>Dashboard / nopCommerce administration</arg>
<arg>ELSE IF</arg>
<arg>"${data[2]}"=="Fail"</arg>
<arg>Title Should Be</arg>
<arg>Your store. Login</arg>
<doc>Runs the given keyword with the given arguments, if ``condition`` is true.</doc>
<status status="PASS" start="2024-03-08T08:48:42.540937" elapsed="2.251440"/>
</kw>
<kw name="Close Browser" owner="SeleniumLibrary">
<msg time="2024-03-08T08:48:44.793375" level="TRACE">Arguments: [  ]</msg>
<msg time="2024-03-08T08:48:44.793375" level="DEBUG">Closing browser with session id 6185cf1bfab03769467f82e4d5f60a4b.</msg>
<msg time="2024-03-08T08:48:44.793375" level="DEBUG">DELETE http://localhost:64102/session/6185cf1bfab03769467f82e4d5f60a4b {}</msg>
<msg time="2024-03-08T08:48:46.385078" level="DEBUG">http://localhost:64102 "DELETE /session/6185cf1bfab03769467f82e4d5f60a4b HTTP/1.1" 200 0</msg>
<msg time="2024-03-08T08:48:46.385078" level="DEBUG">Remote response: status=200 | data={"value":null} | headers=HTTPHeaderDict({'Content-Length': '14', 'Content-Type': 'application/json; charset=utf-8', 'cache-control': 'no-cache'})</msg>
<msg time="2024-03-08T08:48:46.386077" level="DEBUG">Finished Request</msg>
<msg time="2024-03-08T08:48:48.982568" level="TRACE">Return: None</msg>
<doc>Closes the current browser.</doc>
<status status="PASS" start="2024-03-08T08:48:44.793375" elapsed="4.189193"/>
</kw>
<var name="${data}">('admin@yourstore.com', 'admin', 'Pass')</var>
<status status="PASS" start="2024-03-08T08:47:55.030701" elapsed="53.951867"/>
</iter>
<iter>
<kw name="Open Browser" owner="SeleniumLibrary">
<msg time="2024-03-08T08:48:48.984566" level="TRACE">Arguments: [ 'https://admin-demo.nopcommerce.com/' | 'Chrome' ]</msg>
<msg time="2024-03-08T08:48:48.984566" level="INFO">Opening browser 'Chrome' to base url 'https://admin-demo.nopcommerce.com/'.</msg>
<msg time="2024-03-08T08:48:48.985566" level="DEBUG">Selenium Manager binary found at: C:\Users\user\PycharmProjects\pythonProject_WD_eve_jan2024\venv\Lib\site-packages\selenium\webdriver\common\windows\selenium-manager.exe</msg>
<msg time="2024-03-08T08:48:48.986564" level="DEBUG">Executing process: C:\Users\user\PycharmProjects\pythonProject_WD_eve_jan2024\venv\Lib\site-packages\selenium\webdriver\common\windows\selenium-manager.exe --browser chrome --output json</msg>
<msg time="2024-03-08T08:48:49.753849" level="DEBUG">Driver path: E:\selenium\drivers\chromedriver.exe</msg>
<msg time="2024-03-08T08:48:49.753849" level="DEBUG">Browser path: C:\Program Files\Google\Chrome\Application\chrome.exe</msg>
<msg time="2024-03-08T08:48:49.753849" level="DEBUG">Using driver at: E:\selenium\drivers\chromedriver.exe</msg>
<msg time="2024-03-08T08:48:49.759844" level="DEBUG">Started executable: `E:\selenium\drivers\chromedriver.exe` in a child process with pid: 10460 using 0 to output -3</msg>
<msg time="2024-03-08T08:48:50.264614" level="DEBUG">POST http://localhost:64147/session {"capabilities": {"firstMatch": [{}], "alwaysMatch": {"browserName": "chrome", "pageLoadStrategy": "normal", "browserVersion": null, "goog:chromeOptions": {"extensions": [], "binary": "C:\\Program Files\\Google\\Chrome\\Application\\chrome.exe", "args": []}}}}</msg>
<msg time="2024-03-08T08:48:50.265612" level="DEBUG">Starting new HTTP connection (1): localhost:64147</msg>
<msg time="2024-03-08T08:48:51.774208" level="DEBUG">http://localhost:64147 "POST /session HTTP/1.1" 200 0</msg>
<msg time="2024-03-08T08:48:51.774208" level="DEBUG">Remote response: status=200 | data={"value":{"capabilities":{"acceptInsecureCerts":false,"browserName":"chrome","browserVersion":"122.0.6261.95","chrome":{"chromedriverVersion":"122.0.6261.69 (81bc525b6a36d91ed7fe98a4b53c6f53c79adbb2-refs/branch-heads/6261_57@{#3})","userDataDir":"C:\\Users\\user\\AppData\\Local\\Temp\\scoped_dir10460_1932603408"},"fedcm:accounts":true,"goog:chromeOptions":{"debuggerAddress":"localhost:64151"},"networkConnectionEnabled":false,"pageLoadStrategy":"normal","platformName":"windows","proxy":{},"setWindowRect":true,"strictFileInteractability":false,"timeouts":{"implicit":0,"pageLoad":300000,"script":30000},"unhandledPromptBehavior":"dismiss and notify","webauthn:extension:credBlob":true,"webauthn:extension:largeBlob":true,"webauthn:extension:minPinLength":true,"webauthn:extension:prf":true,"webauthn:virtualAuthenticators":true},"sessionId":"e65f547f8b3eefccd33f5b02c4e0a10f"}} | headers=HTTPHeaderDict({'Content-Length': '881', 'Content-Type': 'application/json; charset=utf-8', 'cache-control': 'no-cache'})</msg>
<msg time="2024-03-08T08:48:51.774208" level="DEBUG">Finished Request</msg>
<msg time="2024-03-08T08:48:51.775207" level="DEBUG">POST http://localhost:64147/session/e65f547f8b3eefccd33f5b02c4e0a10f/timeouts {"script": 5000}</msg>
<msg time="2024-03-08T08:48:51.777204" level="DEBUG">http://localhost:64147 "POST /session/e65f547f8b3eefccd33f5b02c4e0a10f/timeouts HTTP/1.1" 200 0</msg>
<msg time="2024-03-08T08:48:51.777204" level="DEBUG">Remote response: status=200 | data={"value":null} | headers=HTTPHeaderDict({'Content-Length': '14', 'Content-Type': 'application/json; charset=utf-8', 'cache-control': 'no-cache'})</msg>
<msg time="2024-03-08T08:48:51.777204" level="DEBUG">Finished Request</msg>
<msg time="2024-03-08T08:48:51.778203" level="DEBUG">POST http://localhost:64147/session/e65f547f8b3eefccd33f5b02c4e0a10f/timeouts {"implicit": 0}</msg>
<msg time="2024-03-08T08:48:51.780202" level="DEBUG">http://localhost:64147 "POST /session/e65f547f8b3eefccd33f5b02c4e0a10f/timeouts HTTP/1.1" 200 0</msg>
<msg time="2024-03-08T08:48:51.780202" level="DEBUG">Remote response: status=200 | data={"value":null} | headers=HTTPHeaderDict({'Content-Length': '14', 'Content-Type': 'application/json; charset=utf-8', 'cache-control': 'no-cache'})</msg>
<msg time="2024-03-08T08:48:51.780202" level="DEBUG">Finished Request</msg>
<msg time="2024-03-08T08:48:51.780202" level="DEBUG">POST http://localhost:64147/session/e65f547f8b3eefccd33f5b02c4e0a10f/timeouts {"pageLoad": 300000}</msg>
<msg time="2024-03-08T08:48:51.782201" level="DEBUG">http://localhost:64147 "POST /session/e65f547f8b3eefccd33f5b02c4e0a10f/timeouts HTTP/1.1" 200 0</msg>
<msg time="2024-03-08T08:48:51.782201" level="DEBUG">Remote response: status=200 | data={"value":null} | headers=HTTPHeaderDict({'Content-Length': '14', 'Content-Type': 'application/json; charset=utf-8', 'cache-control': 'no-cache'})</msg>
<msg time="2024-03-08T08:48:51.782201" level="DEBUG">Finished Request</msg>
<msg time="2024-03-08T08:48:51.783200" level="DEBUG">POST http://localhost:64147/session/e65f547f8b3eefccd33f5b02c4e0a10f/url {"url": "https://admin-demo.nopcommerce.com/"}</msg>
<msg time="2024-03-08T08:49:01.271608" level="DEBUG">http://localhost:64147 "POST /session/e65f547f8b3eefccd33f5b02c4e0a10f/url HTTP/1.1" 200 0</msg>
<msg time="2024-03-08T08:49:01.272607" level="DEBUG">Remote response: status=200 | data={"value":null} | headers=HTTPHeaderDict({'Content-Length': '14', 'Content-Type': 'application/json; charset=utf-8', 'cache-control': 'no-cache'})</msg>
<msg time="2024-03-08T08:49:01.272607" level="DEBUG">Finished Request</msg>
<msg time="2024-03-08T08:49:01.272607" level="DEBUG">Opened browser with session id e65f547f8b3eefccd33f5b02c4e0a10f.</msg>
<msg time="2024-03-08T08:49:01.272607" level="TRACE">Return: 2</msg>
<arg>${url}</arg>
<arg>Chrome</arg>
<doc>Opens a new browser instance to the optional ``url``.</doc>
<status status="PASS" start="2024-03-08T08:48:48.983568" elapsed="12.290037"/>
</kw>
<kw name="Maximize Browser Window" owner="SeleniumLibrary">
<msg time="2024-03-08T08:49:01.274611" level="TRACE">Arguments: [  ]</msg>
<msg time="2024-03-08T08:49:01.274611" level="DEBUG">POST http://localhost:64147/session/e65f547f8b3eefccd33f5b02c4e0a10f/window/maximize {}</msg>
<msg time="2024-03-08T08:49:01.411784" level="DEBUG">http://localhost:64147 "POST /session/e65f547f8b3eefccd33f5b02c4e0a10f/window/maximize HTTP/1.1" 200 0</msg>
<msg time="2024-03-08T08:49:01.411784" level="DEBUG">Remote response: status=200 | data={"value":{"height":744,"width":1382,"x":-8,"y":-8}} | headers=HTTPHeaderDict({'Content-Length': '51', 'Content-Type': 'application/json; charset=utf-8', 'cache-control': 'no-cache'})</msg>
<msg time="2024-03-08T08:49:01.411784" level="DEBUG">Finished Request</msg>
<msg time="2024-03-08T08:49:01.411784" level="TRACE">Return: None</msg>
<doc>Maximizes current browser window.</doc>
<status status="PASS" start="2024-03-08T08:49:01.273605" elapsed="0.138179"/>
</kw>
<kw name="Login using username and password with return" owner="Resources">
<msg time="2024-03-08T08:49:01.414781" level="TRACE">Arguments: [ ${usr}='admin@yourstore.com' | ${pass}='adm' ]</msg>
<kw name="Input Text" owner="SeleniumLibrary">
<msg time="2024-03-08T08:49:01.415784" level="TRACE">Arguments: [ 'id:Email' | 'admin@yourstore.com' | clear=True ]</msg>
<msg time="2024-03-08T08:49:01.415784" level="INFO">Typing text 'admin@yourstore.com' into text field 'id:Email'.</msg>
<msg time="2024-03-08T08:49:01.415784" level="DEBUG">POST http://localhost:64147/session/e65f547f8b3eefccd33f5b02c4e0a10f/elements {"using": "css selector", "value": "[id=\"Email\"]"}</msg>
<msg time="2024-03-08T08:49:01.442755" level="DEBUG">http://localhost:64147 "POST /session/e65f547f8b3eefccd33f5b02c4e0a10f/elements HTTP/1.1" 200 0</msg>
<msg time="2024-03-08T08:49:01.442755" level="DEBUG">Remote response: status=200 | data={"value":[{"element-6066-11e4-a52e-4f735466cecf":"f.74CC62A2440F6339918ED94F913FDA62.d.2A6B7799D8F64CD3AE8D4BE65B0B462C.e.1"}]} | headers=HTTPHeaderDict({'Content-Length': '127', 'Content-Type': 'application/json; charset=utf-8', 'cache-control': 'no-cache'})</msg>
<msg time="2024-03-08T08:49:01.442755" level="DEBUG">Finished Request</msg>
<msg time="2024-03-08T08:49:01.442755" level="DEBUG">POST http://localhost:64147/session/e65f547f8b3eefccd33f5b02c4e0a10f/element/f.74CC62A2440F6339918ED94F913FDA62.d.2A6B7799D8F64CD3AE8D4BE65B0B462C.e.1/clear {}</msg>
<msg time="2024-03-08T08:49:01.528678" level="DEBUG">http://localhost:64147 "POST /session/e65f547f8b3eefccd33f5b02c4e0a10f/element/f.74CC62A2440F6339918ED94F913FDA62.d.2A6B7799D8F64CD3AE8D4BE65B0B462C.e.1/clear HTTP/1.1" 200 0</msg>
<msg time="2024-03-08T08:49:01.528678" level="DEBUG">Remote response: status=200 | data={"value":null} | headers=HTTPHeaderDict({'Content-Length': '14', 'Content-Type': 'application/json; charset=utf-8', 'cache-control': 'no-cache'})</msg>
<msg time="2024-03-08T08:49:01.528678" level="DEBUG">Finished Request</msg>
<msg time="2024-03-08T08:49:01.529675" level="DEBUG">POST http://localhost:64147/session/e65f547f8b3eefccd33f5b02c4e0a10f/element/f.74CC62A2440F6339918ED94F913FDA62.d.2A6B7799D8F64CD3AE8D4BE65B0B462C.e.1/value {"text": "admin@yourstore.com", "value": ["a", "d", "m", "i", "n", "@", "y", "o", "u", "r", "s", "t", "o", "r", "e", ".", "c", "o", "m"]}</msg>
<msg time="2024-03-08T08:49:01.664550" level="DEBUG">http://localhost:64147 "POST /session/e65f547f8b3eefccd33f5b02c4e0a10f/element/f.74CC62A2440F6339918ED94F913FDA62.d.2A6B7799D8F64CD3AE8D4BE65B0B462C.e.1/value HTTP/1.1" 200 0</msg>
<msg time="2024-03-08T08:49:01.664550" level="DEBUG">Remote response: status=200 | data={"value":null} | headers=HTTPHeaderDict({'Content-Length': '14', 'Content-Type': 'application/json; charset=utf-8', 'cache-control': 'no-cache'})</msg>
<msg time="2024-03-08T08:49:01.665551" level="DEBUG">Finished Request</msg>
<msg time="2024-03-08T08:49:01.665551" level="TRACE">Return: None</msg>
<arg>id:Email</arg>
<arg>${usr}</arg>
<arg>clear=True</arg>
<doc>Types the given ``text`` into the text field identified by ``locator``.</doc>
<status status="PASS" start="2024-03-08T08:49:01.414781" elapsed="0.250770"/>
</kw>
<kw name="Input Text" owner="SeleniumLibrary">
<msg time="2024-03-08T08:49:01.667549" level="TRACE">Arguments: [ 'id:Password' | 'adm' | clear=True ]</msg>
<msg time="2024-03-08T08:49:01.667549" level="INFO">Typing text 'adm' into text field 'id:Password'.</msg>
<msg time="2024-03-08T08:49:01.667549" level="DEBUG">POST http://localhost:64147/session/e65f547f8b3eefccd33f5b02c4e0a10f/elements {"using": "css selector", "value": "[id=\"Password\"]"}</msg>
<msg time="2024-03-08T08:49:01.690526" level="DEBUG">http://localhost:64147 "POST /session/e65f547f8b3eefccd33f5b02c4e0a10f/elements HTTP/1.1" 200 0</msg>
<msg time="2024-03-08T08:49:01.690526" level="DEBUG">Remote response: status=200 | data={"value":[{"element-6066-11e4-a52e-4f735466cecf":"f.74CC62A2440F6339918ED94F913FDA62.d.2A6B7799D8F64CD3AE8D4BE65B0B462C.e.3"}]} | headers=HTTPHeaderDict({'Content-Length': '127', 'Content-Type': 'application/json; charset=utf-8', 'cache-control': 'no-cache'})</msg>
<msg time="2024-03-08T08:49:01.690526" level="DEBUG">Finished Request</msg>
<msg time="2024-03-08T08:49:01.691525" level="DEBUG">POST http://localhost:64147/session/e65f547f8b3eefccd33f5b02c4e0a10f/element/f.74CC62A2440F6339918ED94F913FDA62.d.2A6B7799D8F64CD3AE8D4BE65B0B462C.e.3/clear {}</msg>
<msg time="2024-03-08T08:49:01.753467" level="DEBUG">http://localhost:64147 "POST /session/e65f547f8b3eefccd33f5b02c4e0a10f/element/f.74CC62A2440F6339918ED94F913FDA62.d.2A6B7799D8F64CD3AE8D4BE65B0B462C.e.3/clear HTTP/1.1" 200 0</msg>
<msg time="2024-03-08T08:49:01.754466" level="DEBUG">Remote response: status=200 | data={"value":null} | headers=HTTPHeaderDict({'Content-Length': '14', 'Content-Type': 'application/json; charset=utf-8', 'cache-control': 'no-cache'})</msg>
<msg time="2024-03-08T08:49:01.754466" level="DEBUG">Finished Request</msg>
<msg time="2024-03-08T08:49:01.754466" level="DEBUG">POST http://localhost:64147/session/e65f547f8b3eefccd33f5b02c4e0a10f/element/f.74CC62A2440F6339918ED94F913FDA62.d.2A6B7799D8F64CD3AE8D4BE65B0B462C.e.3/value {"text": "adm", "value": ["a", "d", "m"]}</msg>
<msg time="2024-03-08T08:49:01.836389" level="DEBUG">http://localhost:64147 "POST /session/e65f547f8b3eefccd33f5b02c4e0a10f/element/f.74CC62A2440F6339918ED94F913FDA62.d.2A6B7799D8F64CD3AE8D4BE65B0B462C.e.3/value HTTP/1.1" 200 0</msg>
<msg time="2024-03-08T08:49:01.837388" level="DEBUG">Remote response: status=200 | data={"value":null} | headers=HTTPHeaderDict({'Content-Length': '14', 'Content-Type': 'application/json; charset=utf-8', 'cache-control': 'no-cache'})</msg>
<msg time="2024-03-08T08:49:01.837388" level="DEBUG">Finished Request</msg>
<msg time="2024-03-08T08:49:01.837388" level="TRACE">Return: None</msg>
<arg>id:Password</arg>
<arg>${pass}</arg>
<arg>clear=True</arg>
<doc>Types the given ``text`` into the text field identified by ``locator``.</doc>
<status status="PASS" start="2024-03-08T08:49:01.666548" elapsed="0.170840"/>
</kw>
<kw name="Click Element" owner="SeleniumLibrary">
<msg time="2024-03-08T08:49:01.837388" level="TRACE">Arguments: [ "xpath: //button[contains(text(),'Log in')]" ]</msg>
<msg time="2024-03-08T08:49:01.838387" level="INFO">Clicking element 'xpath: //button[contains(text(),'Log in')]'.</msg>
<msg time="2024-03-08T08:49:01.838387" level="DEBUG">POST http://localhost:64147/session/e65f547f8b3eefccd33f5b02c4e0a10f/elements {"using": "xpath", "value": "//button[contains(text(),'Log in')]"}</msg>
<msg time="2024-03-08T08:49:01.859374" level="DEBUG">http://localhost:64147 "POST /session/e65f547f8b3eefccd33f5b02c4e0a10f/elements HTTP/1.1" 200 0</msg>
<msg time="2024-03-08T08:49:01.859374" level="DEBUG">Remote response: status=200 | data={"value":[{"element-6066-11e4-a52e-4f735466cecf":"f.74CC62A2440F6339918ED94F913FDA62.d.2A6B7799D8F64CD3AE8D4BE65B0B462C.e.7"}]} | headers=HTTPHeaderDict({'Content-Length': '127', 'Content-Type': 'application/json; charset=utf-8', 'cache-control': 'no-cache'})</msg>
<msg time="2024-03-08T08:49:01.860373" level="DEBUG">Finished Request</msg>
<msg time="2024-03-08T08:49:01.860373" level="DEBUG">POST http://localhost:64147/session/e65f547f8b3eefccd33f5b02c4e0a10f/element/f.74CC62A2440F6339918ED94F913FDA62.d.2A6B7799D8F64CD3AE8D4BE65B0B462C.e.7/click {}</msg>
<msg time="2024-03-08T08:49:02.704869" level="DEBUG">http://localhost:64147 "POST /session/e65f547f8b3eefccd33f5b02c4e0a10f/element/f.74CC62A2440F6339918ED94F913FDA62.d.2A6B7799D8F64CD3AE8D4BE65B0B462C.e.7/click HTTP/1.1" 200 0</msg>
<msg time="2024-03-08T08:49:02.705869" level="DEBUG">Remote response: status=200 | data={"value":null} | headers=HTTPHeaderDict({'Content-Length': '14', 'Content-Type': 'application/json; charset=utf-8', 'cache-control': 'no-cache'})</msg>
<msg time="2024-03-08T08:49:02.706868" level="DEBUG">Finished Request</msg>
<msg time="2024-03-08T08:49:02.706868" level="TRACE">Return: None</msg>
<arg>xpath: //button[contains(text(),'Log in')]</arg>
<doc>Click the element identified by ``locator``.</doc>
<status status="PASS" start="2024-03-08T08:49:01.837388" elapsed="0.869480"/>
</kw>
<return>
<value>True</value>
<status status="PASS" start="2024-03-08T08:49:02.707867" elapsed="0.000000"/>
</return>
<msg time="2024-03-08T08:49:02.707867" level="TRACE">Return: 'True'</msg>
<msg time="2024-03-08T08:49:02.707867" level="INFO">${status} = True</msg>
<var>${status}</var>
<arg>${data[0]}</arg>
<arg>${data[1]}</arg>
<status status="PASS" start="2024-03-08T08:49:01.412783" elapsed="1.295084"/>
</kw>
<kw name="Log" owner="BuiltIn">
<msg time="2024-03-08T08:49:02.709865" level="TRACE">Arguments: [ 'True' | console=True ]</msg>
<msg time="2024-03-08T08:49:02.709865" level="INFO">True</msg>
<msg time="2024-03-08T08:49:02.710863" level="TRACE">Return: None</msg>
<arg>${status}</arg>
<arg>console=True</arg>
<doc>Logs the given message with the given level.</doc>
<status status="PASS" start="2024-03-08T08:49:02.708866" elapsed="0.001997"/>
</kw>
<kw name="Run Keyword If" owner="BuiltIn">
<msg time="2024-03-08T08:49:02.712862" level="TRACE">Arguments: [ '"Fail"=="Pass"' | 'Title Should Be' | 'Dashboard / nopCommerce administration' | 'ELSE IF' | '"${data[2]}"=="Fail"' | 'Title Should Be' | 'Your store. Login' ]</msg>
<kw name="Title Should Be" owner="SeleniumLibrary">
<msg time="2024-03-08T08:49:02.714861" level="TRACE">Arguments: [ 'Your store. Login' ]</msg>
<msg time="2024-03-08T08:49:02.714861" level="DEBUG">GET http://localhost:64147/session/e65f547f8b3eefccd33f5b02c4e0a10f/title {}</msg>
<msg time="2024-03-08T08:49:02.767810" level="DEBUG">http://localhost:64147 "GET /session/e65f547f8b3eefccd33f5b02c4e0a10f/title HTTP/1.1" 200 0</msg>
<msg time="2024-03-08T08:49:02.767810" level="DEBUG">Remote response: status=200 | data={"value":"Your store. Login"} | headers=HTTPHeaderDict({'Content-Length': '29', 'Content-Type': 'application/json; charset=utf-8', 'cache-control': 'no-cache'})</msg>
<msg time="2024-03-08T08:49:02.767810" level="DEBUG">Finished Request</msg>
<msg time="2024-03-08T08:49:02.767810" level="INFO">Page title is 'Your store. Login'.</msg>
<msg time="2024-03-08T08:49:02.767810" level="TRACE">Return: None</msg>
<arg>Your store. Login</arg>
<doc>Verifies that the current page title equals ``title``.</doc>
<status status="PASS" start="2024-03-08T08:49:02.714861" elapsed="0.052949"/>
</kw>
<msg time="2024-03-08T08:49:02.768812" level="TRACE">Return: None</msg>
<arg>"${data[2]}"=="Pass"</arg>
<arg>Title Should Be</arg>
<arg>Dashboard / nopCommerce administration</arg>
<arg>ELSE IF</arg>
<arg>"${data[2]}"=="Fail"</arg>
<arg>Title Should Be</arg>
<arg>Your store. Login</arg>
<doc>Runs the given keyword with the given arguments, if ``condition`` is true.</doc>
<status status="PASS" start="2024-03-08T08:49:02.711862" elapsed="0.056950"/>
</kw>
<kw name="Close Browser" owner="SeleniumLibrary">
<msg time="2024-03-08T08:49:02.768812" level="TRACE">Arguments: [  ]</msg>
<msg time="2024-03-08T08:49:02.769810" level="DEBUG">Closing browser with session id e65f547f8b3eefccd33f5b02c4e0a10f.</msg>
<msg time="2024-03-08T08:49:02.769810" level="DEBUG">DELETE http://localhost:64147/session/e65f547f8b3eefccd33f5b02c4e0a10f {}</msg>
<msg time="2024-03-08T08:49:03.249363" level="DEBUG">http://localhost:64147 "DELETE /session/e65f547f8b3eefccd33f5b02c4e0a10f HTTP/1.1" 200 0</msg>
<msg time="2024-03-08T08:49:03.249363" level="DEBUG">Remote response: status=200 | data={"value":null} | headers=HTTPHeaderDict({'Content-Length': '14', 'Content-Type': 'application/json; charset=utf-8', 'cache-control': 'no-cache'})</msg>
<msg time="2024-03-08T08:49:03.249363" level="DEBUG">Finished Request</msg>
<msg time="2024-03-08T08:49:05.370639" level="TRACE">Return: None</msg>
<doc>Closes the current browser.</doc>
<status status="PASS" start="2024-03-08T08:49:02.768812" elapsed="2.601827"/>
</kw>
<var name="${data}">('admin@yourstore.com', 'adm', 'Fail')</var>
<status status="PASS" start="2024-03-08T08:48:48.983568" elapsed="16.387071"/>
</iter>
<iter>
<kw name="Open Browser" owner="SeleniumLibrary">
<msg time="2024-03-08T08:49:05.371639" level="TRACE">Arguments: [ 'https://admin-demo.nopcommerce.com/' | 'Chrome' ]</msg>
<msg time="2024-03-08T08:49:05.371639" level="INFO">Opening browser 'Chrome' to base url 'https://admin-demo.nopcommerce.com/'.</msg>
<msg time="2024-03-08T08:49:05.372638" level="DEBUG">Selenium Manager binary found at: C:\Users\user\PycharmProjects\pythonProject_WD_eve_jan2024\venv\Lib\site-packages\selenium\webdriver\common\windows\selenium-manager.exe</msg>
<msg time="2024-03-08T08:49:05.373637" level="DEBUG">Executing process: C:\Users\user\PycharmProjects\pythonProject_WD_eve_jan2024\venv\Lib\site-packages\selenium\webdriver\common\windows\selenium-manager.exe --browser chrome --output json</msg>
<msg time="2024-03-08T08:49:06.126035" level="DEBUG">Driver path: E:\selenium\drivers\chromedriver.exe</msg>
<msg time="2024-03-08T08:49:06.126035" level="DEBUG">Browser path: C:\Program Files\Google\Chrome\Application\chrome.exe</msg>
<msg time="2024-03-08T08:49:06.126035" level="DEBUG">Using driver at: E:\selenium\drivers\chromedriver.exe</msg>
<msg time="2024-03-08T08:49:06.132030" level="DEBUG">Started executable: `E:\selenium\drivers\chromedriver.exe` in a child process with pid: 12136 using 0 to output -3</msg>
<msg time="2024-03-08T08:49:06.649571" level="DEBUG">POST http://localhost:64176/session {"capabilities": {"firstMatch": [{}], "alwaysMatch": {"browserName": "chrome", "pageLoadStrategy": "normal", "browserVersion": null, "goog:chromeOptions": {"extensions": [], "binary": "C:\\Program Files\\Google\\Chrome\\Application\\chrome.exe", "args": []}}}}</msg>
<msg time="2024-03-08T08:49:06.650575" level="DEBUG">Starting new HTTP connection (1): localhost:64176</msg>
<msg time="2024-03-08T08:49:07.772959" level="DEBUG">http://localhost:64176 "POST /session HTTP/1.1" 200 0</msg>
<msg time="2024-03-08T08:49:07.773959" level="DEBUG">Remote response: status=200 | data={"value":{"capabilities":{"acceptInsecureCerts":false,"browserName":"chrome","browserVersion":"122.0.6261.95","chrome":{"chromedriverVersion":"122.0.6261.69 (81bc525b6a36d91ed7fe98a4b53c6f53c79adbb2-refs/branch-heads/6261_57@{#3})","userDataDir":"C:\\Users\\user\\AppData\\Local\\Temp\\scoped_dir12136_177365290"},"fedcm:accounts":true,"goog:chromeOptions":{"debuggerAddress":"localhost:64180"},"networkConnectionEnabled":false,"pageLoadStrategy":"normal","platformName":"windows","proxy":{},"setWindowRect":true,"strictFileInteractability":false,"timeouts":{"implicit":0,"pageLoad":300000,"script":30000},"unhandledPromptBehavior":"dismiss and notify","webauthn:extension:credBlob":true,"webauthn:extension:largeBlob":true,"webauthn:extension:minPinLength":true,"webauthn:extension:prf":true,"webauthn:virtualAuthenticators":true},"sessionId":"c5cd4f8c65c150df588b3a2daa1c2931"}} | headers=HTTPHeaderDict({'Content-Length': '880', 'Content-Type': 'application/json; charset=utf-8', 'cache-control': 'no-cache'})</msg>
<msg time="2024-03-08T08:49:07.773959" level="DEBUG">Finished Request</msg>
<msg time="2024-03-08T08:49:07.775065" level="DEBUG">POST http://localhost:64176/session/c5cd4f8c65c150df588b3a2daa1c2931/timeouts {"script": 5000}</msg>
<msg time="2024-03-08T08:49:07.777016" level="DEBUG">http://localhost:64176 "POST /session/c5cd4f8c65c150df588b3a2daa1c2931/timeouts HTTP/1.1" 200 0</msg>
<msg time="2024-03-08T08:49:07.777016" level="DEBUG">Remote response: status=200 | data={"value":null} | headers=HTTPHeaderDict({'Content-Length': '14', 'Content-Type': 'application/json; charset=utf-8', 'cache-control': 'no-cache'})</msg>
<msg time="2024-03-08T08:49:07.777016" level="DEBUG">Finished Request</msg>
<msg time="2024-03-08T08:49:07.777016" level="DEBUG">POST http://localhost:64176/session/c5cd4f8c65c150df588b3a2daa1c2931/timeouts {"implicit": 0}</msg>
<msg time="2024-03-08T08:49:07.779014" level="DEBUG">http://localhost:64176 "POST /session/c5cd4f8c65c150df588b3a2daa1c2931/timeouts HTTP/1.1" 200 0</msg>
<msg time="2024-03-08T08:49:07.779014" level="DEBUG">Remote response: status=200 | data={"value":null} | headers=HTTPHeaderDict({'Content-Length': '14', 'Content-Type': 'application/json; charset=utf-8', 'cache-control': 'no-cache'})</msg>
<msg time="2024-03-08T08:49:07.779014" level="DEBUG">Finished Request</msg>
<msg time="2024-03-08T08:49:07.780012" level="DEBUG">POST http://localhost:64176/session/c5cd4f8c65c150df588b3a2daa1c2931/timeouts {"pageLoad": 300000}</msg>
<msg time="2024-03-08T08:49:07.781011" level="DEBUG">http://localhost:64176 "POST /session/c5cd4f8c65c150df588b3a2daa1c2931/timeouts HTTP/1.1" 200 0</msg>
<msg time="2024-03-08T08:49:07.781011" level="DEBUG">Remote response: status=200 | data={"value":null} | headers=HTTPHeaderDict({'Content-Length': '14', 'Content-Type': 'application/json; charset=utf-8', 'cache-control': 'no-cache'})</msg>
<msg time="2024-03-08T08:49:07.782011" level="DEBUG">Finished Request</msg>
<msg time="2024-03-08T08:49:07.782011" level="DEBUG">POST http://localhost:64176/session/c5cd4f8c65c150df588b3a2daa1c2931/url {"url": "https://admin-demo.nopcommerce.com/"}</msg>
<msg time="2024-03-08T08:49:15.108920" level="DEBUG">http://localhost:64176 "POST /session/c5cd4f8c65c150df588b3a2daa1c2931/url HTTP/1.1" 200 0</msg>
<msg time="2024-03-08T08:49:15.108920" level="DEBUG">Remote response: status=200 | data={"value":null} | headers=HTTPHeaderDict({'Content-Length': '14', 'Content-Type': 'application/json; charset=utf-8', 'cache-control': 'no-cache'})</msg>
<msg time="2024-03-08T08:49:15.108920" level="DEBUG">Finished Request</msg>
<msg time="2024-03-08T08:49:15.108920" level="DEBUG">Opened browser with session id c5cd4f8c65c150df588b3a2daa1c2931.</msg>
<msg time="2024-03-08T08:49:15.108920" level="TRACE">Return: 3</msg>
<arg>${url}</arg>
<arg>Chrome</arg>
<doc>Opens a new browser instance to the optional ``url``.</doc>
<status status="PASS" start="2024-03-08T08:49:05.371639" elapsed="9.738280"/>
</kw>
<kw name="Maximize Browser Window" owner="SeleniumLibrary">
<msg time="2024-03-08T08:49:15.109919" level="TRACE">Arguments: [  ]</msg>
<msg time="2024-03-08T08:49:15.110918" level="DEBUG">POST http://localhost:64176/session/c5cd4f8c65c150df588b3a2daa1c2931/window/maximize {}</msg>
<msg time="2024-03-08T08:49:15.246139" level="DEBUG">http://localhost:64176 "POST /session/c5cd4f8c65c150df588b3a2daa1c2931/window/maximize HTTP/1.1" 200 0</msg>
<msg time="2024-03-08T08:49:15.247138" level="DEBUG">Remote response: status=200 | data={"value":{"height":744,"width":1382,"x":-8,"y":-8}} | headers=HTTPHeaderDict({'Content-Length': '51', 'Content-Type': 'application/json; charset=utf-8', 'cache-control': 'no-cache'})</msg>
<msg time="2024-03-08T08:49:15.247138" level="DEBUG">Finished Request</msg>
<msg time="2024-03-08T08:49:15.247138" level="TRACE">Return: None</msg>
<doc>Maximizes current browser window.</doc>
<status status="PASS" start="2024-03-08T08:49:15.109919" elapsed="0.137219"/>
</kw>
<kw name="Login using username and password with return" owner="Resources">
<msg time="2024-03-08T08:49:15.251134" level="TRACE">Arguments: [ ${usr}='adm@yourstore.com' | ${pass}='admin' ]</msg>
<kw name="Input Text" owner="SeleniumLibrary">
<msg time="2024-03-08T08:49:15.252133" level="TRACE">Arguments: [ 'id:Email' | 'adm@yourstore.com' | clear=True ]</msg>
<msg time="2024-03-08T08:49:15.253136" level="INFO">Typing text 'adm@yourstore.com' into text field 'id:Email'.</msg>
<msg time="2024-03-08T08:49:15.253136" level="DEBUG">POST http://localhost:64176/session/c5cd4f8c65c150df588b3a2daa1c2931/elements {"using": "css selector", "value": "[id=\"Email\"]"}</msg>
<msg time="2024-03-08T08:49:15.359034" level="DEBUG">http://localhost:64176 "POST /session/c5cd4f8c65c150df588b3a2daa1c2931/elements HTTP/1.1" 200 0</msg>
<msg time="2024-03-08T08:49:15.359034" level="DEBUG">Remote response: status=200 | data={"value":[{"element-6066-11e4-a52e-4f735466cecf":"f.3503860A2FA66833252FEB97FCA53DAC.d.6B9C56DF371061E72A82E35AFF5DF04E.e.1"}]} | headers=HTTPHeaderDict({'Content-Length': '127', 'Content-Type': 'application/json; charset=utf-8', 'cache-control': 'no-cache'})</msg>
<msg time="2024-03-08T08:49:15.359034" level="DEBUG">Finished Request</msg>
<msg time="2024-03-08T08:49:15.360032" level="DEBUG">POST http://localhost:64176/session/c5cd4f8c65c150df588b3a2daa1c2931/element/f.3503860A2FA66833252FEB97FCA53DAC.d.6B9C56DF371061E72A82E35AFF5DF04E.e.1/clear {}</msg>
<msg time="2024-03-08T08:49:15.429969" level="DEBUG">http://localhost:64176 "POST /session/c5cd4f8c65c150df588b3a2daa1c2931/element/f.3503860A2FA66833252FEB97FCA53DAC.d.6B9C56DF371061E72A82E35AFF5DF04E.e.1/clear HTTP/1.1" 200 0</msg>
<msg time="2024-03-08T08:49:15.429969" level="DEBUG">Remote response: status=200 | data={"value":null} | headers=HTTPHeaderDict({'Content-Length': '14', 'Content-Type': 'application/json; charset=utf-8', 'cache-control': 'no-cache'})</msg>
<msg time="2024-03-08T08:49:15.429969" level="DEBUG">Finished Request</msg>
<msg time="2024-03-08T08:49:15.430967" level="DEBUG">POST http://localhost:64176/session/c5cd4f8c65c150df588b3a2daa1c2931/element/f.3503860A2FA66833252FEB97FCA53DAC.d.6B9C56DF371061E72A82E35AFF5DF04E.e.1/value {"text": "adm@yourstore.com", "value": ["a", "d", "m", "@", "y", "o", "u", "r", "s", "t", "o", "r", "e", ".", "c", "o", "m"]}</msg>
<msg time="2024-03-08T08:49:15.539866" level="DEBUG">http://localhost:64176 "POST /session/c5cd4f8c65c150df588b3a2daa1c2931/element/f.3503860A2FA66833252FEB97FCA53DAC.d.6B9C56DF371061E72A82E35AFF5DF04E.e.1/value HTTP/1.1" 200 0</msg>
<msg time="2024-03-08T08:49:15.539866" level="DEBUG">Remote response: status=200 | data={"value":null} | headers=HTTPHeaderDict({'Content-Length': '14', 'Content-Type': 'application/json; charset=utf-8', 'cache-control': 'no-cache'})</msg>
<msg time="2024-03-08T08:49:15.539866" level="DEBUG">Finished Request</msg>
<msg time="2024-03-08T08:49:15.539866" level="TRACE">Return: None</msg>
<arg>id:Email</arg>
<arg>${usr}</arg>
<arg>clear=True</arg>
<doc>Types the given ``text`` into the text field identified by ``locator``.</doc>
<status status="PASS" start="2024-03-08T08:49:15.252133" elapsed="0.288731"/>
</kw>
<kw name="Input Text" owner="SeleniumLibrary">
<msg time="2024-03-08T08:49:15.540864" level="TRACE">Arguments: [ 'id:Password' | 'admin' | clear=True ]</msg>
<msg time="2024-03-08T08:49:15.541866" level="INFO">Typing text 'admin' into text field 'id:Password'.</msg>
<msg time="2024-03-08T08:49:15.541866" level="DEBUG">POST http://localhost:64176/session/c5cd4f8c65c150df588b3a2daa1c2931/elements {"using": "css selector", "value": "[id=\"Password\"]"}</msg>
<msg time="2024-03-08T08:49:15.559848" level="DEBUG">http://localhost:64176 "POST /session/c5cd4f8c65c150df588b3a2daa1c2931/elements HTTP/1.1" 200 0</msg>
<msg time="2024-03-08T08:49:15.559848" level="DEBUG">Remote response: status=200 | data={"value":[{"element-6066-11e4-a52e-4f735466cecf":"f.3503860A2FA66833252FEB97FCA53DAC.d.6B9C56DF371061E72A82E35AFF5DF04E.e.3"}]} | headers=HTTPHeaderDict({'Content-Length': '127', 'Content-Type': 'application/json; charset=utf-8', 'cache-control': 'no-cache'})</msg>
<msg time="2024-03-08T08:49:15.559848" level="DEBUG">Finished Request</msg>
<msg time="2024-03-08T08:49:15.559848" level="DEBUG">POST http://localhost:64176/session/c5cd4f8c65c150df588b3a2daa1c2931/element/f.3503860A2FA66833252FEB97FCA53DAC.d.6B9C56DF371061E72A82E35AFF5DF04E.e.3/clear {}</msg>
<msg time="2024-03-08T08:49:15.616795" level="DEBUG">http://localhost:64176 "POST /session/c5cd4f8c65c150df588b3a2daa1c2931/element/f.3503860A2FA66833252FEB97FCA53DAC.d.6B9C56DF371061E72A82E35AFF5DF04E.e.3/clear HTTP/1.1" 200 0</msg>
<msg time="2024-03-08T08:49:15.616795" level="DEBUG">Remote response: status=200 | data={"value":null} | headers=HTTPHeaderDict({'Content-Length': '14', 'Content-Type': 'application/json; charset=utf-8', 'cache-control': 'no-cache'})</msg>
<msg time="2024-03-08T08:49:15.617794" level="DEBUG">Finished Request</msg>
<msg time="2024-03-08T08:49:15.617794" level="DEBUG">POST http://localhost:64176/session/c5cd4f8c65c150df588b3a2daa1c2931/element/f.3503860A2FA66833252FEB97FCA53DAC.d.6B9C56DF371061E72A82E35AFF5DF04E.e.3/value {"text": "admin", "value": ["a", "d", "m", "i", "n"]}</msg>
<msg time="2024-03-08T08:49:15.700717" level="DEBUG">http://localhost:64176 "POST /session/c5cd4f8c65c150df588b3a2daa1c2931/element/f.3503860A2FA66833252FEB97FCA53DAC.d.6B9C56DF371061E72A82E35AFF5DF04E.e.3/value HTTP/1.1" 200 0</msg>
<msg time="2024-03-08T08:49:15.700717" level="DEBUG">Remote response: status=200 | data={"value":null} | headers=HTTPHeaderDict({'Content-Length': '14', 'Content-Type': 'application/json; charset=utf-8', 'cache-control': 'no-cache'})</msg>
<msg time="2024-03-08T08:49:15.700717" level="DEBUG">Finished Request</msg>
<msg time="2024-03-08T08:49:15.700717" level="TRACE">Return: None</msg>
<arg>id:Password</arg>
<arg>${pass}</arg>
<arg>clear=True</arg>
<doc>Types the given ``text`` into the text field identified by ``locator``.</doc>
<status status="PASS" start="2024-03-08T08:49:15.540864" elapsed="0.159853"/>
</kw>
<kw name="Click Element" owner="SeleniumLibrary">
<msg time="2024-03-08T08:49:15.701716" level="TRACE">Arguments: [ "xpath: //button[contains(text(),'Log in')]" ]</msg>
<msg time="2024-03-08T08:49:15.701716" level="INFO">Clicking element 'xpath: //button[contains(text(),'Log in')]'.</msg>
<msg time="2024-03-08T08:49:15.702714" level="DEBUG">POST http://localhost:64176/session/c5cd4f8c65c150df588b3a2daa1c2931/elements {"using": "xpath", "value": "//button[contains(text(),'Log in')]"}</msg>
<msg time="2024-03-08T08:49:15.725728" level="DEBUG">http://localhost:64176 "POST /session/c5cd4f8c65c150df588b3a2daa1c2931/elements HTTP/1.1" 200 0</msg>
<msg time="2024-03-08T08:49:15.726727" level="DEBUG">Remote response: status=200 | data={"value":[{"element-6066-11e4-a52e-4f735466cecf":"f.3503860A2FA66833252FEB97FCA53DAC.d.6B9C56DF371061E72A82E35AFF5DF04E.e.7"}]} | headers=HTTPHeaderDict({'Content-Length': '127', 'Content-Type': 'application/json; charset=utf-8', 'cache-control': 'no-cache'})</msg>
<msg time="2024-03-08T08:49:15.726727" level="DEBUG">Finished Request</msg>
<msg time="2024-03-08T08:49:15.726727" level="DEBUG">POST http://localhost:64176/session/c5cd4f8c65c150df588b3a2daa1c2931/element/f.3503860A2FA66833252FEB97FCA53DAC.d.6B9C56DF371061E72A82E35AFF5DF04E.e.7/click {}</msg>
<msg time="2024-03-08T08:49:16.446058" level="DEBUG">http://localhost:64176 "POST /session/c5cd4f8c65c150df588b3a2daa1c2931/element/f.3503860A2FA66833252FEB97FCA53DAC.d.6B9C56DF371061E72A82E35AFF5DF04E.e.7/click HTTP/1.1" 200 0</msg>
<msg time="2024-03-08T08:49:16.447056" level="DEBUG">Remote response: status=200 | data={"value":null} | headers=HTTPHeaderDict({'Content-Length': '14', 'Content-Type': 'application/json; charset=utf-8', 'cache-control': 'no-cache'})</msg>
<msg time="2024-03-08T08:49:16.447056" level="DEBUG">Finished Request</msg>
<msg time="2024-03-08T08:49:16.447056" level="TRACE">Return: None</msg>
<arg>xpath: //button[contains(text(),'Log in')]</arg>
<doc>Click the element identified by ``locator``.</doc>
<status status="PASS" start="2024-03-08T08:49:15.701716" elapsed="0.745340"/>
</kw>
<return>
<value>True</value>
<status status="PASS" start="2024-03-08T08:49:16.447056" elapsed="0.000000"/>
</return>
<msg time="2024-03-08T08:49:16.447056" level="TRACE">Return: 'True'</msg>
<msg time="2024-03-08T08:49:16.448055" level="INFO">${status} = True</msg>
<var>${status}</var>
<arg>${data[0]}</arg>
<arg>${data[1]}</arg>
<status status="PASS" start="2024-03-08T08:49:15.248137" elapsed="1.199918"/>
</kw>
<kw name="Log" owner="BuiltIn">
<msg time="2024-03-08T08:49:16.448055" level="TRACE">Arguments: [ 'True' | console=True ]</msg>
<msg time="2024-03-08T08:49:16.448055" level="INFO">True</msg>
<msg time="2024-03-08T08:49:16.449055" level="TRACE">Return: None</msg>
<arg>${status}</arg>
<arg>console=True</arg>
<doc>Logs the given message with the given level.</doc>
<status status="PASS" start="2024-03-08T08:49:16.448055" elapsed="0.001000"/>
</kw>
<kw name="Run Keyword If" owner="BuiltIn">
<msg time="2024-03-08T08:49:16.452051" level="TRACE">Arguments: [ '"Fail"=="Pass"' | 'Title Should Be' | 'Dashboard / nopCommerce administration' | 'ELSE IF' | '"${data[2]}"=="Fail"' | 'Title Should Be' | 'Your store. Login' ]</msg>
<kw name="Title Should Be" owner="SeleniumLibrary">
<msg time="2024-03-08T08:49:16.454049" level="TRACE">Arguments: [ 'Your store. Login' ]</msg>
<msg time="2024-03-08T08:49:16.454049" level="DEBUG">GET http://localhost:64176/session/c5cd4f8c65c150df588b3a2daa1c2931/title {}</msg>
<msg time="2024-03-08T08:49:16.497008" level="DEBUG">http://localhost:64176 "GET /session/c5cd4f8c65c150df588b3a2daa1c2931/title HTTP/1.1" 200 0</msg>
<msg time="2024-03-08T08:49:16.497008" level="DEBUG">Remote response: status=200 | data={"value":"Your store. Login"} | headers=HTTPHeaderDict({'Content-Length': '29', 'Content-Type': 'application/json; charset=utf-8', 'cache-control': 'no-cache'})</msg>
<msg time="2024-03-08T08:49:16.497008" level="DEBUG">Finished Request</msg>
<msg time="2024-03-08T08:49:16.498008" level="INFO">Page title is 'Your store. Login'.</msg>
<msg time="2024-03-08T08:49:16.498008" level="TRACE">Return: None</msg>
<arg>Your store. Login</arg>
<doc>Verifies that the current page title equals ``title``.</doc>
<status status="PASS" start="2024-03-08T08:49:16.454049" elapsed="0.043959"/>
</kw>
<msg time="2024-03-08T08:49:16.498008" level="TRACE">Return: None</msg>
<arg>"${data[2]}"=="Pass"</arg>
<arg>Title Should Be</arg>
<arg>Dashboard / nopCommerce administration</arg>
<arg>ELSE IF</arg>
<arg>"${data[2]}"=="Fail"</arg>
<arg>Title Should Be</arg>
<arg>Your store. Login</arg>
<doc>Runs the given keyword with the given arguments, if ``condition`` is true.</doc>
<status status="PASS" start="2024-03-08T08:49:16.450053" elapsed="0.047955"/>
</kw>
<kw name="Close Browser" owner="SeleniumLibrary">
<msg time="2024-03-08T08:49:16.498008" level="TRACE">Arguments: [  ]</msg>
<msg time="2024-03-08T08:49:16.498008" level="DEBUG">Closing browser with session id c5cd4f8c65c150df588b3a2daa1c2931.</msg>
<msg time="2024-03-08T08:49:16.498008" level="DEBUG">DELETE http://localhost:64176/session/c5cd4f8c65c150df588b3a2daa1c2931 {}</msg>
<msg time="2024-03-08T08:49:16.651417" level="DEBUG">http://localhost:64176 "DELETE /session/c5cd4f8c65c150df588b3a2daa1c2931 HTTP/1.1" 200 0</msg>
<msg time="2024-03-08T08:49:16.651417" level="DEBUG">Remote response: status=200 | data={"value":null} | headers=HTTPHeaderDict({'Content-Length': '14', 'Content-Type': 'application/json; charset=utf-8', 'cache-control': 'no-cache'})</msg>
<msg time="2024-03-08T08:49:16.652416" level="DEBUG">Finished Request</msg>
<msg time="2024-03-08T08:49:18.828943" level="TRACE">Return: None</msg>
<doc>Closes the current browser.</doc>
<status status="PASS" start="2024-03-08T08:49:16.498008" elapsed="2.330935"/>
</kw>
<var name="${data}">('adm@yourstore.com', 'admin', 'Fail')</var>
<status status="PASS" start="2024-03-08T08:49:05.371639" elapsed="13.457304"/>
</iter>
<iter>
<kw name="Open Browser" owner="SeleniumLibrary">
<msg time="2024-03-08T08:49:18.830942" level="TRACE">Arguments: [ 'https://admin-demo.nopcommerce.com/' | 'Chrome' ]</msg>
<msg time="2024-03-08T08:49:18.830942" level="INFO">Opening browser 'Chrome' to base url 'https://admin-demo.nopcommerce.com/'.</msg>
<msg time="2024-03-08T08:49:18.831940" level="DEBUG">Selenium Manager binary found at: C:\Users\user\PycharmProjects\pythonProject_WD_eve_jan2024\venv\Lib\site-packages\selenium\webdriver\common\windows\selenium-manager.exe</msg>
<msg time="2024-03-08T08:49:18.831940" level="DEBUG">Executing process: C:\Users\user\PycharmProjects\pythonProject_WD_eve_jan2024\venv\Lib\site-packages\selenium\webdriver\common\windows\selenium-manager.exe --browser chrome --output json</msg>
<msg time="2024-03-08T08:49:19.805780" level="DEBUG">Driver path: E:\selenium\drivers\chromedriver.exe</msg>
<msg time="2024-03-08T08:49:19.805780" level="DEBUG">Browser path: C:\Program Files\Google\Chrome\Application\chrome.exe</msg>
<msg time="2024-03-08T08:49:19.805780" level="DEBUG">Using driver at: E:\selenium\drivers\chromedriver.exe</msg>
<msg time="2024-03-08T08:49:19.812773" level="DEBUG">Started executable: `E:\selenium\drivers\chromedriver.exe` in a child process with pid: 21132 using 0 to output -3</msg>
<msg time="2024-03-08T08:49:20.330327" level="DEBUG">POST http://localhost:64200/session {"capabilities": {"firstMatch": [{}], "alwaysMatch": {"browserName": "chrome", "pageLoadStrategy": "normal", "browserVersion": null, "goog:chromeOptions": {"extensions": [], "binary": "C:\\Program Files\\Google\\Chrome\\Application\\chrome.exe", "args": []}}}}</msg>
<msg time="2024-03-08T08:49:20.331324" level="DEBUG">Starting new HTTP connection (1): localhost:64200</msg>
<msg time="2024-03-08T08:49:21.556200" level="DEBUG">http://localhost:64200 "POST /session HTTP/1.1" 200 0</msg>
<msg time="2024-03-08T08:49:21.557198" level="DEBUG">Remote response: status=200 | data={"value":{"capabilities":{"acceptInsecureCerts":false,"browserName":"chrome","browserVersion":"122.0.6261.95","chrome":{"chromedriverVersion":"122.0.6261.69 (81bc525b6a36d91ed7fe98a4b53c6f53c79adbb2-refs/branch-heads/6261_57@{#3})","userDataDir":"C:\\Users\\user\\AppData\\Local\\Temp\\scoped_dir21132_1375382991"},"fedcm:accounts":true,"goog:chromeOptions":{"debuggerAddress":"localhost:64207"},"networkConnectionEnabled":false,"pageLoadStrategy":"normal","platformName":"windows","proxy":{},"setWindowRect":true,"strictFileInteractability":false,"timeouts":{"implicit":0,"pageLoad":300000,"script":30000},"unhandledPromptBehavior":"dismiss and notify","webauthn:extension:credBlob":true,"webauthn:extension:largeBlob":true,"webauthn:extension:minPinLength":true,"webauthn:extension:prf":true,"webauthn:virtualAuthenticators":true},"sessionId":"d5cd7bc4be354296376ff482055dbcab"}} | headers=HTTPHeaderDict({'Content-Length': '881', 'Content-Type': 'application/json; charset=utf-8', 'cache-control': 'no-cache'})</msg>
<msg time="2024-03-08T08:49:21.557198" level="DEBUG">Finished Request</msg>
<msg time="2024-03-08T08:49:21.557198" level="DEBUG">POST http://localhost:64200/session/d5cd7bc4be354296376ff482055dbcab/timeouts {"script": 5000}</msg>
<msg time="2024-03-08T08:49:21.559197" level="DEBUG">http://localhost:64200 "POST /session/d5cd7bc4be354296376ff482055dbcab/timeouts HTTP/1.1" 200 0</msg>
<msg time="2024-03-08T08:49:21.559197" level="DEBUG">Remote response: status=200 | data={"value":null} | headers=HTTPHeaderDict({'Content-Length': '14', 'Content-Type': 'application/json; charset=utf-8', 'cache-control': 'no-cache'})</msg>
<msg time="2024-03-08T08:49:21.560197" level="DEBUG">Finished Request</msg>
<msg time="2024-03-08T08:49:21.560197" level="DEBUG">POST http://localhost:64200/session/d5cd7bc4be354296376ff482055dbcab/timeouts {"implicit": 0}</msg>
<msg time="2024-03-08T08:49:21.562195" level="DEBUG">http://localhost:64200 "POST /session/d5cd7bc4be354296376ff482055dbcab/timeouts HTTP/1.1" 200 0</msg>
<msg time="2024-03-08T08:49:21.562195" level="DEBUG">Remote response: status=200 | data={"value":null} | headers=HTTPHeaderDict({'Content-Length': '14', 'Content-Type': 'application/json; charset=utf-8', 'cache-control': 'no-cache'})</msg>
<msg time="2024-03-08T08:49:21.563193" level="DEBUG">Finished Request</msg>
<msg time="2024-03-08T08:49:21.563193" level="DEBUG">POST http://localhost:64200/session/d5cd7bc4be354296376ff482055dbcab/timeouts {"pageLoad": 300000}</msg>
<msg time="2024-03-08T08:49:21.565192" level="DEBUG">http://localhost:64200 "POST /session/d5cd7bc4be354296376ff482055dbcab/timeouts HTTP/1.1" 200 0</msg>
<msg time="2024-03-08T08:49:21.565192" level="DEBUG">Remote response: status=200 | data={"value":null} | headers=HTTPHeaderDict({'Content-Length': '14', 'Content-Type': 'application/json; charset=utf-8', 'cache-control': 'no-cache'})</msg>
<msg time="2024-03-08T08:49:21.566191" level="DEBUG">Finished Request</msg>
<msg time="2024-03-08T08:49:21.566191" level="DEBUG">POST http://localhost:64200/session/d5cd7bc4be354296376ff482055dbcab/url {"url": "https://admin-demo.nopcommerce.com/"}</msg>
<msg time="2024-03-08T08:49:28.544770" level="DEBUG">http://localhost:64200 "POST /session/d5cd7bc4be354296376ff482055dbcab/url HTTP/1.1" 200 0</msg>
<msg time="2024-03-08T08:49:28.544770" level="DEBUG">Remote response: status=200 | data={"value":null} | headers=HTTPHeaderDict({'Content-Length': '14', 'Content-Type': 'application/json; charset=utf-8', 'cache-control': 'no-cache'})</msg>
<msg time="2024-03-08T08:49:28.544770" level="DEBUG">Finished Request</msg>
<msg time="2024-03-08T08:49:28.545767" level="DEBUG">Opened browser with session id d5cd7bc4be354296376ff482055dbcab.</msg>
<msg time="2024-03-08T08:49:28.545767" level="TRACE">Return: 4</msg>
<arg>${url}</arg>
<arg>Chrome</arg>
<doc>Opens a new browser instance to the optional ``url``.</doc>
<status status="PASS" start="2024-03-08T08:49:18.829943" elapsed="9.715824"/>
</kw>
<kw name="Maximize Browser Window" owner="SeleniumLibrary">
<msg time="2024-03-08T08:49:28.546766" level="TRACE">Arguments: [  ]</msg>
<msg time="2024-03-08T08:49:28.546766" level="DEBUG">POST http://localhost:64200/session/d5cd7bc4be354296376ff482055dbcab/window/maximize {}</msg>
<msg time="2024-03-08T08:49:28.781061" level="DEBUG">http://localhost:64200 "POST /session/d5cd7bc4be354296376ff482055dbcab/window/maximize HTTP/1.1" 200 0</msg>
<msg time="2024-03-08T08:49:28.782060" level="DEBUG">Remote response: status=200 | data={"value":{"height":744,"width":1382,"x":-8,"y":-8}} | headers=HTTPHeaderDict({'Content-Length': '51', 'Content-Type': 'application/json; charset=utf-8', 'cache-control': 'no-cache'})</msg>
<msg time="2024-03-08T08:49:28.782060" level="DEBUG">Finished Request</msg>
<msg time="2024-03-08T08:49:28.782060" level="TRACE">Return: None</msg>
<doc>Maximizes current browser window.</doc>
<status status="PASS" start="2024-03-08T08:49:28.545767" elapsed="0.236293"/>
</kw>
<kw name="Login using username and password with return" owner="Resources">
<msg time="2024-03-08T08:49:28.787056" level="TRACE">Arguments: [ ${usr}='adm@yourstore.com' | ${pass}='adm' ]</msg>
<kw name="Input Text" owner="SeleniumLibrary">
<msg time="2024-03-08T08:49:28.788056" level="TRACE">Arguments: [ 'id:Email' | 'adm@yourstore.com' | clear=True ]</msg>
<msg time="2024-03-08T08:49:28.788056" level="INFO">Typing text 'adm@yourstore.com' into text field 'id:Email'.</msg>
<msg time="2024-03-08T08:49:28.789053" level="DEBUG">POST http://localhost:64200/session/d5cd7bc4be354296376ff482055dbcab/elements {"using": "css selector", "value": "[id=\"Email\"]"}</msg>
<msg time="2024-03-08T08:49:28.819247" level="DEBUG">http://localhost:64200 "POST /session/d5cd7bc4be354296376ff482055dbcab/elements HTTP/1.1" 200 0</msg>
<msg time="2024-03-08T08:49:28.820247" level="DEBUG">Remote response: status=200 | data={"value":[{"element-6066-11e4-a52e-4f735466cecf":"f.8C227E4281467A9A72754BC4371C4F67.d.C4E65C8B28CEC449C186B810385A49BF.e.2"}]} | headers=HTTPHeaderDict({'Content-Length': '127', 'Content-Type': 'application/json; charset=utf-8', 'cache-control': 'no-cache'})</msg>
<msg time="2024-03-08T08:49:28.820247" level="DEBUG">Finished Request</msg>
<msg time="2024-03-08T08:49:28.820247" level="DEBUG">POST http://localhost:64200/session/d5cd7bc4be354296376ff482055dbcab/element/f.8C227E4281467A9A72754BC4371C4F67.d.C4E65C8B28CEC449C186B810385A49BF.e.2/clear {}</msg>
<msg time="2024-03-08T08:49:28.902768" level="DEBUG">http://localhost:64200 "POST /session/d5cd7bc4be354296376ff482055dbcab/element/f.8C227E4281467A9A72754BC4371C4F67.d.C4E65C8B28CEC449C186B810385A49BF.e.2/clear HTTP/1.1" 200 0</msg>
<msg time="2024-03-08T08:49:28.902768" level="DEBUG">Remote response: status=200 | data={"value":null} | headers=HTTPHeaderDict({'Content-Length': '14', 'Content-Type': 'application/json; charset=utf-8', 'cache-control': 'no-cache'})</msg>
<msg time="2024-03-08T08:49:28.902768" level="DEBUG">Finished Request</msg>
<msg time="2024-03-08T08:49:28.903765" level="DEBUG">POST http://localhost:64200/session/d5cd7bc4be354296376ff482055dbcab/element/f.8C227E4281467A9A72754BC4371C4F67.d.C4E65C8B28CEC449C186B810385A49BF.e.2/value {"text": "adm@yourstore.com", "value": ["a", "d", "m", "@", "y", "o", "u", "r", "s", "t", "o", "r", "e", ".", "c", "o", "m"]}</msg>
<msg time="2024-03-08T08:49:29.033644" level="DEBUG">http://localhost:64200 "POST /session/d5cd7bc4be354296376ff482055dbcab/element/f.8C227E4281467A9A72754BC4371C4F67.d.C4E65C8B28CEC449C186B810385A49BF.e.2/value HTTP/1.1" 200 0</msg>
<msg time="2024-03-08T08:49:29.034643" level="DEBUG">Remote response: status=200 | data={"value":null} | headers=HTTPHeaderDict({'Content-Length': '14', 'Content-Type': 'application/json; charset=utf-8', 'cache-control': 'no-cache'})</msg>
<msg time="2024-03-08T08:49:29.034643" level="DEBUG">Finished Request</msg>
<msg time="2024-03-08T08:49:29.034643" level="TRACE">Return: None</msg>
<arg>id:Email</arg>
<arg>${usr}</arg>
<arg>clear=True</arg>
<doc>Types the given ``text`` into the text field identified by ``locator``.</doc>
<status status="PASS" start="2024-03-08T08:49:28.788056" elapsed="0.246587"/>
</kw>
<kw name="Input Text" owner="SeleniumLibrary">
<msg time="2024-03-08T08:49:29.035642" level="TRACE">Arguments: [ 'id:Password' | 'adm' | clear=True ]</msg>
<msg time="2024-03-08T08:49:29.035642" level="INFO">Typing text 'adm' into text field 'id:Password'.</msg>
<msg time="2024-03-08T08:49:29.036641" level="DEBUG">POST http://localhost:64200/session/d5cd7bc4be354296376ff482055dbcab/elements {"using": "css selector", "value": "[id=\"Password\"]"}</msg>
<msg time="2024-03-08T08:49:29.052627" level="DEBUG">http://localhost:64200 "POST /session/d5cd7bc4be354296376ff482055dbcab/elements HTTP/1.1" 200 0</msg>
<msg time="2024-03-08T08:49:29.052627" level="DEBUG">Remote response: status=200 | data={"value":[{"element-6066-11e4-a52e-4f735466cecf":"f.8C227E4281467A9A72754BC4371C4F67.d.C4E65C8B28CEC449C186B810385A49BF.e.4"}]} | headers=HTTPHeaderDict({'Content-Length': '127', 'Content-Type': 'application/json; charset=utf-8', 'cache-control': 'no-cache'})</msg>
<msg time="2024-03-08T08:49:29.052627" level="DEBUG">Finished Request</msg>
<msg time="2024-03-08T08:49:29.053626" level="DEBUG">POST http://localhost:64200/session/d5cd7bc4be354296376ff482055dbcab/element/f.8C227E4281467A9A72754BC4371C4F67.d.C4E65C8B28CEC449C186B810385A49BF.e.4/clear {}</msg>
<msg time="2024-03-08T08:49:29.115567" level="DEBUG">http://localhost:64200 "POST /session/d5cd7bc4be354296376ff482055dbcab/element/f.8C227E4281467A9A72754BC4371C4F67.d.C4E65C8B28CEC449C186B810385A49BF.e.4/clear HTTP/1.1" 200 0</msg>
<msg time="2024-03-08T08:49:29.115567" level="DEBUG">Remote response: status=200 | data={"value":null} | headers=HTTPHeaderDict({'Content-Length': '14', 'Content-Type': 'application/json; charset=utf-8', 'cache-control': 'no-cache'})</msg>
<msg time="2024-03-08T08:49:29.115567" level="DEBUG">Finished Request</msg>
<msg time="2024-03-08T08:49:29.115567" level="DEBUG">POST http://localhost:64200/session/d5cd7bc4be354296376ff482055dbcab/element/f.8C227E4281467A9A72754BC4371C4F67.d.C4E65C8B28CEC449C186B810385A49BF.e.4/value {"text": "adm", "value": ["a", "d", "m"]}</msg>
<msg time="2024-03-08T08:49:29.273440" level="DEBUG">http://localhost:64200 "POST /session/d5cd7bc4be354296376ff482055dbcab/element/f.8C227E4281467A9A72754BC4371C4F67.d.C4E65C8B28CEC449C186B810385A49BF.e.4/value HTTP/1.1" 200 0</msg>
<msg time="2024-03-08T08:49:29.273440" level="DEBUG">Remote response: status=200 | data={"value":null} | headers=HTTPHeaderDict({'Content-Length': '14', 'Content-Type': 'application/json; charset=utf-8', 'cache-control': 'no-cache'})</msg>
<msg time="2024-03-08T08:49:29.274440" level="DEBUG">Finished Request</msg>
<msg time="2024-03-08T08:49:29.274440" level="TRACE">Return: None</msg>
<arg>id:Password</arg>
<arg>${pass}</arg>
<arg>clear=True</arg>
<doc>Types the given ``text`` into the text field identified by ``locator``.</doc>
<status status="PASS" start="2024-03-08T08:49:29.035642" elapsed="0.238798"/>
</kw>
<kw name="Click Element" owner="SeleniumLibrary">
<msg time="2024-03-08T08:49:29.274440" level="TRACE">Arguments: [ "xpath: //button[contains(text(),'Log in')]" ]</msg>
<msg time="2024-03-08T08:49:29.274440" level="INFO">Clicking element 'xpath: //button[contains(text(),'Log in')]'.</msg>
<msg time="2024-03-08T08:49:29.275439" level="DEBUG">POST http://localhost:64200/session/d5cd7bc4be354296376ff482055dbcab/elements {"using": "xpath", "value": "//button[contains(text(),'Log in')]"}</msg>
<msg time="2024-03-08T08:49:29.296419" level="DEBUG">http://localhost:64200 "POST /session/d5cd7bc4be354296376ff482055dbcab/elements HTTP/1.1" 200 0</msg>
<msg time="2024-03-08T08:49:29.296419" level="DEBUG">Remote response: status=200 | data={"value":[{"element-6066-11e4-a52e-4f735466cecf":"f.8C227E4281467A9A72754BC4371C4F67.d.C4E65C8B28CEC449C186B810385A49BF.e.7"}]} | headers=HTTPHeaderDict({'Content-Length': '127', 'Content-Type': 'application/json; charset=utf-8', 'cache-control': 'no-cache'})</msg>
<msg time="2024-03-08T08:49:29.296419" level="DEBUG">Finished Request</msg>
<msg time="2024-03-08T08:49:29.296419" level="DEBUG">POST http://localhost:64200/session/d5cd7bc4be354296376ff482055dbcab/element/f.8C227E4281467A9A72754BC4371C4F67.d.C4E65C8B28CEC449C186B810385A49BF.e.7/click {}</msg>
<msg time="2024-03-08T08:49:29.938553" level="DEBUG">http://localhost:64200 "POST /session/d5cd7bc4be354296376ff482055dbcab/element/f.8C227E4281467A9A72754BC4371C4F67.d.C4E65C8B28CEC449C186B810385A49BF.e.7/click HTTP/1.1" 200 0</msg>
<msg time="2024-03-08T08:49:29.938553" level="DEBUG">Remote response: status=200 | data={"value":null} | headers=HTTPHeaderDict({'Content-Length': '14', 'Content-Type': 'application/json; charset=utf-8', 'cache-control': 'no-cache'})</msg>
<msg time="2024-03-08T08:49:29.939549" level="DEBUG">Finished Request</msg>
<msg time="2024-03-08T08:49:29.939549" level="TRACE">Return: None</msg>
<arg>xpath: //button[contains(text(),'Log in')]</arg>
<doc>Click the element identified by ``locator``.</doc>
<status status="PASS" start="2024-03-08T08:49:29.274440" elapsed="0.665109"/>
</kw>
<return>
<value>True</value>
<status status="PASS" start="2024-03-08T08:49:29.939549" elapsed="0.000000"/>
</return>
<msg time="2024-03-08T08:49:29.939549" level="TRACE">Return: 'True'</msg>
<msg time="2024-03-08T08:49:29.940547" level="INFO">${status} = True</msg>
<var>${status}</var>
<arg>${data[0]}</arg>
<arg>${data[1]}</arg>
<status status="PASS" start="2024-03-08T08:49:28.783059" elapsed="1.157488"/>
</kw>
<kw name="Log" owner="BuiltIn">
<msg time="2024-03-08T08:49:29.941547" level="TRACE">Arguments: [ 'True' | console=True ]</msg>
<msg time="2024-03-08T08:49:29.941547" level="INFO">True</msg>
<msg time="2024-03-08T08:49:29.941547" level="TRACE">Return: None</msg>
<arg>${status}</arg>
<arg>console=True</arg>
<doc>Logs the given message with the given level.</doc>
<status status="PASS" start="2024-03-08T08:49:29.940547" elapsed="0.001999"/>
</kw>
<kw name="Run Keyword If" owner="BuiltIn">
<msg time="2024-03-08T08:49:29.944544" level="TRACE">Arguments: [ '"Fail"=="Pass"' | 'Title Should Be' | 'Dashboard / nopCommerce administration' | 'ELSE IF' | '"${data[2]}"=="Fail"' | 'Title Should Be' | 'Your store. Login' ]</msg>
<kw name="Title Should Be" owner="SeleniumLibrary">
<msg time="2024-03-08T08:49:29.946541" level="TRACE">Arguments: [ 'Your store. Login' ]</msg>
<msg time="2024-03-08T08:49:29.946541" level="DEBUG">GET http://localhost:64200/session/d5cd7bc4be354296376ff482055dbcab/title {}</msg>
<msg time="2024-03-08T08:49:29.990631" level="DEBUG">http://localhost:64200 "GET /session/d5cd7bc4be354296376ff482055dbcab/title HTTP/1.1" 200 0</msg>
<msg time="2024-03-08T08:49:29.990631" level="DEBUG">Remote response: status=200 | data={"value":"Your store. Login"} | headers=HTTPHeaderDict({'Content-Length': '29', 'Content-Type': 'application/json; charset=utf-8', 'cache-control': 'no-cache'})</msg>
<msg time="2024-03-08T08:49:29.990631" level="DEBUG">Finished Request</msg>
<msg time="2024-03-08T08:49:29.991629" level="INFO">Page title is 'Your store. Login'.</msg>
<msg time="2024-03-08T08:49:29.991629" level="TRACE">Return: None</msg>
<arg>Your store. Login</arg>
<doc>Verifies that the current page title equals ``title``.</doc>
<status status="PASS" start="2024-03-08T08:49:29.946541" elapsed="0.045088"/>
</kw>
<msg time="2024-03-08T08:49:29.991629" level="TRACE">Return: None</msg>
<arg>"${data[2]}"=="Pass"</arg>
<arg>Title Should Be</arg>
<arg>Dashboard / nopCommerce administration</arg>
<arg>ELSE IF</arg>
<arg>"${data[2]}"=="Fail"</arg>
<arg>Title Should Be</arg>
<arg>Your store. Login</arg>
<doc>Runs the given keyword with the given arguments, if ``condition`` is true.</doc>
<status status="PASS" start="2024-03-08T08:49:29.942546" elapsed="0.049083"/>
</kw>
<kw name="Close Browser" owner="SeleniumLibrary">
<msg time="2024-03-08T08:49:29.992628" level="TRACE">Arguments: [  ]</msg>
<msg time="2024-03-08T08:49:29.992628" level="DEBUG">Closing browser with session id d5cd7bc4be354296376ff482055dbcab.</msg>
<msg time="2024-03-08T08:49:29.992628" level="DEBUG">DELETE http://localhost:64200/session/d5cd7bc4be354296376ff482055dbcab {}</msg>
<msg time="2024-03-08T08:49:30.424748" level="DEBUG">http://localhost:64200 "DELETE /session/d5cd7bc4be354296376ff482055dbcab HTTP/1.1" 200 0</msg>
<msg time="2024-03-08T08:49:30.425279" level="DEBUG">Remote response: status=200 | data={"value":null} | headers=HTTPHeaderDict({'Content-Length': '14', 'Content-Type': 'application/json; charset=utf-8', 'cache-control': 'no-cache'})</msg>
<msg time="2024-03-08T08:49:30.425279" level="DEBUG">Finished Request</msg>
<msg time="2024-03-08T08:49:32.558489" level="TRACE">Return: None</msg>
<doc>Closes the current browser.</doc>
<status status="PASS" start="2024-03-08T08:49:29.991629" elapsed="2.566860"/>
</kw>
<var name="${data}">('adm@yourstore.com', 'adm', 'Fail')</var>
<status status="PASS" start="2024-03-08T08:49:18.829943" elapsed="13.728546"/>
</iter>
<var>${data}</var>
<value>@{login_data_xl}</value>
<status status="PASS" start="2024-03-08T08:47:55.030701" elapsed="97.527788"/>
</for>
<status status="PASS" start="2024-03-08T08:47:54.782506" elapsed="97.776984"/>
</test>
<status status="PASS" start="2024-03-08T08:47:36.295709" elapsed="116.265776"/>
</suite>
<statistics>
<total>
<stat pass="1" fail="0" skip="0">All Tests</stat>
</total>
<tag>
</tag>
<suite>
<stat pass="1" fail="0" skip="0" id="s1" name="Login Excel">Login Excel</stat>
</suite>
</statistics>
<errors>
</errors>
</robot>
